This is pdfTeX, Version 3.14159265-2.6-1.40.21 (MiKTeX 2.9.7400 64-bit) (preloaded format=pdflatex 2020.4.27)  27 APR 2020 23:59
entering extended mode
**./uipath.tex
(uipath.tex
LaTeX2e <2020-02-02> patch level 5
L3 programming layer <2020-04-06> (sphinxmanual.cls
Document Class: sphinxmanual 2018/12/23 v2.0 Document class (Sphinx manual)
("C:\Program Files\MiKTeX 2.9\tex/latex/base\report.cls"
Document Class: report 2019/12/20 v1.4l Standard LaTeX document class
("C:\Program Files\MiKTeX 2.9\tex/latex/base\size10.clo"
File: size10.clo 2019/12/20 v1.4l Standard LaTeX file (size option)
)
\c@part=\count167
\c@chapter=\count168
\c@section=\count169
\c@subsection=\count170
\c@subsubsection=\count171
\c@paragraph=\count172
\c@subparagraph=\count173
\c@figure=\count174
\c@table=\count175
\abovecaptionskip=\skip47
\belowcaptionskip=\skip48
\bibindent=\dimen134
))
("C:\Program Files\MiKTeX 2.9\tex/latex/base\inputenc.sty"
Package: inputenc 2018/08/11 v1.3c Input encoding file
\inpenc@prehook=\toks15
\inpenc@posthook=\toks16
)
   defining Unicode char U+00A0 (decimal 160)
   defining Unicode char U+2500 (decimal 9472)
   defining Unicode char U+2502 (decimal 9474)
   defining Unicode char U+2514 (decimal 9492)
   defining Unicode char U+251C (decimal 9500)
   defining Unicode char U+2572 (decimal 9586)

(C:\Users\viere\AppData\Roaming\MiKTeX\2.9\tex/latex/cmap\cmap.sty
Package: cmap 2008/03/06 v1.0h CMap support: searchable PDF
)
("C:\Program Files\MiKTeX 2.9\tex/latex/base\fontenc.sty"
Package: fontenc 2020/02/11 v2.0o Standard LaTeX package
<<t1.cmap>>)
("C:\Program Files\MiKTeX 2.9\tex/latex/amsmath\amsmath.sty"
Package: amsmath 2020/01/20 v2.17e AMS math features
\@mathmargin=\skip49

For additional information on amsmath, use the `?' option.
("C:\Program Files\MiKTeX 2.9\tex/latex/amsmath\amstext.sty"
Package: amstext 2000/06/29 v2.01 AMS text

("C:\Program Files\MiKTeX 2.9\tex/latex/amsmath\amsgen.sty"
File: amsgen.sty 1999/11/30 v2.0 generic functions
\@emptytoks=\toks17
\ex@=\dimen135
))
("C:\Program Files\MiKTeX 2.9\tex/latex/amsmath\amsbsy.sty"
Package: amsbsy 1999/11/29 v1.2d Bold Symbols
\pmbraise@=\dimen136
)
("C:\Program Files\MiKTeX 2.9\tex/latex/amsmath\amsopn.sty"
Package: amsopn 2016/03/08 v2.02 operator names
)
\inf@bad=\count176
LaTeX Info: Redefining \frac on input line 227.
\uproot@=\count177
\leftroot@=\count178
LaTeX Info: Redefining \overline on input line 389.
\classnum@=\count179
\DOTSCASE@=\count180
LaTeX Info: Redefining \ldots on input line 486.
LaTeX Info: Redefining \dots on input line 489.
LaTeX Info: Redefining \cdots on input line 610.
\Mathstrutbox@=\box45
\strutbox@=\box46
\big@size=\dimen137
LaTeX Font Info:    Redeclaring font encoding OML on input line 733.
LaTeX Font Info:    Redeclaring font encoding OMS on input line 734.
\macc@depth=\count181
\c@MaxMatrixCols=\count182
\dotsspace@=\muskip16
\c@parentequation=\count183
\dspbrk@lvl=\count184
\tag@help=\toks18
\row@=\count185
\column@=\count186
\maxfields@=\count187
\andhelp@=\toks19
\eqnshift@=\dimen138
\alignsep@=\dimen139
\tagshift@=\dimen140
\tagwidth@=\dimen141
\totwidth@=\dimen142
\lineht@=\dimen143
\@envbody=\toks20
\multlinegap=\skip50
\multlinetaggap=\skip51
\mathdisplay@stack=\toks21
LaTeX Info: Redefining \[ on input line 2859.
LaTeX Info: Redefining \] on input line 2860.
)
("C:\Program Files\MiKTeX 2.9\tex/latex/amsfonts\amssymb.sty"
Package: amssymb 2013/01/14 v3.01 AMS font symbols

("C:\Program Files\MiKTeX 2.9\tex/latex/amsfonts\amsfonts.sty"
Package: amsfonts 2013/01/14 v3.01 Basic AMSFonts support
\symAMSa=\mathgroup4
\symAMSb=\mathgroup5
LaTeX Font Info:    Redeclaring math symbol \hbar on input line 98.
LaTeX Font Info:    Overwriting math alphabet `\mathfrak' in version `bold'
(Font)                  U/euf/m/n --> U/euf/b/n on input line 106.
))
("C:\Program Files\MiKTeX 2.9\tex/generic/babel\babel.sty"
Package: babel 2020/03/22 3.42 The Babel package

("C:\Program Files\MiKTeX 2.9\tex/generic/babel\switch.def"
File: switch.def 2020/03/22 3.42 Babel switching mechanism
)
*************************************
* Local config file bblopts.cfg used
*
("C:\Program Files\MiKTeX 2.9\tex/latex/arabi\bblopts.cfg"
File: bblopts.cfg 2005/09/08 v0.1 add Arabic and Farsi to "declared" options of
 babel
)
(C:\Users\viere\AppData\Roaming\MiKTeX\2.9\tex/latex/babel-portuges\portuges.ld
f
Language: portuges 2008/03/18 v1.2q Portuguese support from the babel system
 ("C:\Program Files\MiKTeX 2.9\tex/generic/babel\babel.def"
File: babel.def 2020/03/22 3.42 Babel common definitions
\babel@savecnt=\count188
\U@D=\dimen144

("C:\Program Files\MiKTeX 2.9\tex/generic/babel\txtbabel.def")
\bbl@readstream=\read2
\bbl@dirlevel=\count189
)
Package babel Info: \l@brazil = using hyphenrules for portuguese
(babel)             (\language55) on input line 113.
Package babel Info: Making " an active character on input line 145.
))
(C:\Users\viere\AppData\Roaming\MiKTeX\2.9\tex/latex/psnfss\times.sty
Package: times 2020/03/25 PSNFSS-v9.3 (SPQR) 
)
(C:\Users\viere\AppData\Roaming\MiKTeX\2.9\tex/latex/fncychap\fncychap.sty
Package: fncychap 2007/07/30 v1.34 LaTeX package (Revised chapters)
\RW=\skip52
\mylen=\skip53
\myhi=\skip54
\px=\skip55
\py=\skip56
\pyy=\skip57
\pxx=\skip58
)
(sphinx.sty
Package: sphinx 2019/06/04 v2.1.1 LaTeX package (Sphinx markup)

(C:\Users\viere\AppData\Roaming\MiKTeX\2.9\tex/generic/ltxcmds\ltxcmds.sty
Package: ltxcmds 2019/12/15 v1.24 LaTeX kernel commands for general use (HO)
)
("C:\Program Files\MiKTeX 2.9\tex/latex/graphics\graphicx.sty"
Package: graphicx 2019/11/30 v1.2a Enhanced LaTeX Graphics (DPC,SPQR)

("C:\Program Files\MiKTeX 2.9\tex/latex/graphics\keyval.sty"
Package: keyval 2014/10/28 v1.15 key=value parser (DPC)
\KV@toks@=\toks22
)
("C:\Program Files\MiKTeX 2.9\tex/latex/graphics\graphics.sty"
Package: graphics 2019/11/30 v1.4a Standard LaTeX Graphics (DPC,SPQR)

("C:\Program Files\MiKTeX 2.9\tex/latex/graphics\trig.sty"
Package: trig 2016/01/03 v1.10 sin cos tan (DPC)
)
("C:\Program Files\MiKTeX 2.9\tex/latex/graphics-cfg\graphics.cfg"
File: graphics.cfg 2016/06/04 v1.11 sample graphics configuration
)
Package graphics Info: Driver file: pdftex.def on input line 105.

("C:\Program Files\MiKTeX 2.9\tex/latex/graphics-def\pdftex.def"
File: pdftex.def 2018/01/08 v1.0l Graphics/color driver for pdftex
))
\Gin@req@height=\dimen145
\Gin@req@width=\dimen146
)
(C:\Users\viere\AppData\Roaming\MiKTeX\2.9\tex/latex/fancyhdr\fancyhdr.sty
Package: fancyhdr 2019/01/31 v3.10 Extensive control of page headers and footer
s
\f@nch@headwidth=\skip59
\f@nch@O@elh=\skip60
\f@nch@O@erh=\skip61
\f@nch@O@olh=\skip62
\f@nch@O@orh=\skip63
\f@nch@O@elf=\skip64
\f@nch@O@erf=\skip65
\f@nch@O@olf=\skip66
\f@nch@O@orf=\skip67
)
("C:\Program Files\MiKTeX 2.9\tex/latex/base\textcomp.sty"
Package: textcomp 2020/02/02 v2.0n Standard LaTeX package
)
(C:\Users\viere\AppData\Roaming\MiKTeX\2.9\tex/latex/titlesec\titlesec.sty
Package: titlesec 2019/10/16 v2.13 Sectioning titles
\ttl@box=\box47
\beforetitleunit=\skip68
\aftertitleunit=\skip69
\ttl@plus=\dimen147
\ttl@minus=\dimen148
\ttl@toksa=\toks23
\titlewidth=\dimen149
\titlewidthlast=\dimen150
\titlewidthfirst=\dimen151
)
(C:\Users\viere\AppData\Roaming\MiKTeX\2.9\tex/latex/tabulary\tabulary.sty
Package: tabulary 2014/06/11 v0.10 tabulary package (DPC)

("C:\Program Files\MiKTeX 2.9\tex/latex/tools\array.sty"
Package: array 2019/08/31 v2.4l Tabular extension package (FMi)
\col@sep=\dimen152
\ar@mcellbox=\box48
\extrarowheight=\dimen153
\NC@list=\toks24
\extratabsurround=\skip70
\backup@length=\skip71
\ar@cellbox=\box49
)
\TY@count=\count190
\TY@linewidth=\dimen154
\tymin=\dimen155
\tymax=\dimen156
\TY@tablewidth=\dimen157
)
("C:\Program Files\MiKTeX 2.9\tex/latex/tools\longtable.sty"
Package: longtable 2020/01/07 v4.13 Multi-page Table package (DPC)
\LTleft=\skip72
\LTright=\skip73
\LTpre=\skip74
\LTpost=\skip75
\LTchunksize=\count191
\LTcapwidth=\dimen158
\LT@head=\box50
\LT@firsthead=\box51
\LT@foot=\box52
\LT@lastfoot=\box53
\LT@cols=\count192
\LT@rows=\count193
\c@LT@tables=\count194
\c@LT@chunks=\count195
\LT@p@ftn=\toks25
)
(C:\Users\viere\AppData\Roaming\MiKTeX\2.9\tex/latex/varwidth\varwidth.sty
Package: varwidth 2009/03/30 ver 0.92;  Variable-width minipages
\@vwid@box=\box54
\sift@deathcycles=\count196
\@vwid@loff=\dimen159
\@vwid@roff=\dimen160
)
(sphinxmulticell.sty
Package: sphinxmulticell 2017/02/23 v1.6 better span rows and columns of a tabl
e (Sphinx team)
\sphinx@TY@tablewidth=\dimen161
) ("C:\Program Files\MiKTeX 2.9\tex/latex/base\makeidx.sty"
Package: makeidx 2014/09/29 v1.0m Standard LaTeX package
) (C:\Users\viere\AppData\Roaming\MiKTeX\2.9\tex/latex/framed\framed.sty
Package: framed 2011/10/22 v 0.96: framed or shaded text with page breaks
\OuterFrameSep=\skip76
\fb@frw=\dimen162
\fb@frh=\dimen163
\FrameRule=\dimen164
\FrameSep=\dimen165
)
("C:\Program Files\MiKTeX 2.9\tex/latex/xcolor\xcolor.sty"
Package: xcolor 2016/05/11 v2.12 LaTeX color extensions (UK)

("C:\Program Files\MiKTeX 2.9\tex/latex/graphics-cfg\color.cfg"
File: color.cfg 2016/01/02 v1.6 sample color configuration
)
Package xcolor Info: Driver file: pdftex.def on input line 225.
Package xcolor Info: Model `cmy' substituted by `cmy0' on input line 1348.
Package xcolor Info: Model `hsb' substituted by `rgb' on input line 1352.
Package xcolor Info: Model `RGB' extended on input line 1364.
Package xcolor Info: Model `HTML' substituted by `rgb' on input line 1366.
Package xcolor Info: Model `Hsb' substituted by `hsb' on input line 1367.
Package xcolor Info: Model `tHsb' substituted by `hsb' on input line 1368.
Package xcolor Info: Model `HSB' substituted by `hsb' on input line 1369.
Package xcolor Info: Model `Gray' substituted by `gray' on input line 1370.
Package xcolor Info: Model `wave' substituted by `hsb' on input line 1371.
)
(C:\Users\viere\AppData\Roaming\MiKTeX\2.9\tex/latex/fancyvrb\fancyvrb.sty
Package: fancyvrb 2020/01/13 v3.5 verbatim text (tvz,hv)
\FV@CodeLineNo=\count197
\FV@InFile=\read3
\FV@TabBox=\box55
\c@FancyVerbLine=\count198
\FV@StepNumber=\count199
\FV@OutFile=\write3
)
(footnotehyper-sphinx.sty
Package: footnotehyper-sphinx 2017/10/27 v1.7 hyperref aware footnote.sty for s
phinx (JFB)
\FNH@notes=\box56
\FNH@width=\dimen166
)
(C:\Users\viere\AppData\Roaming\MiKTeX\2.9\tex/latex/float\float.sty
Package: float 2001/11/08 v1.3d Float enhancements (AL)
\c@float@type=\count266
\float@exts=\toks26
\float@box=\box57
\@float@everytoks=\toks27
\@floatcapt=\box58
)
(C:\Users\viere\AppData\Roaming\MiKTeX\2.9\tex/latex/wrapfig\wrapfig.sty
\wrapoverhang=\dimen167
\WF@size=\dimen168
\c@WF@wrappedlines=\count267
\WF@box=\box59
\WF@everypar=\toks28
Package: wrapfig 2003/01/31  v 3.6
)
(C:\Users\viere\AppData\Roaming\MiKTeX\2.9\tex/latex/parskip\parskip.sty
Rollback for package 'parskip' requested -> version 'v1'.
         This corresponds to the release introduced on 2001-04-09.

(C:\Users\viere\AppData\Roaming\MiKTeX\2.9\tex/latex/parskip\parskip-2001-04-09
.sty
Package: parskip 2001/04/09 non-zero parskip adjustments
)) ("C:\Program Files\MiKTeX 2.9\tex/latex/base\alltt.sty"
Package: alltt 1997/06/16 v2.0g defines alltt environment
)
(C:\Users\viere\AppData\Roaming\MiKTeX\2.9\tex/latex/upquote\upquote.sty
Package: upquote 2012/04/19 v1.3 upright-quote and grave-accent glyphs in verba
tim
)
(C:\Users\viere\AppData\Roaming\MiKTeX\2.9\tex/latex/capt-of\capt-of.sty
Package: capt-of 2009/12/29 v0.2 standard captions outside of floats
)
(C:\Users\viere\AppData\Roaming\MiKTeX\2.9\tex/latex/needspace\needspace.sty
Package: needspace 2010/09/12 v1.3d reserve vertical space
)
(sphinxhighlight.sty
Package: sphinxhighlight 2016/05/29 stylesheet for highlighting with pygments
)
(C:\Users\viere\AppData\Roaming\MiKTeX\2.9\tex/latex/kvoptions\kvoptions.sty
Package: kvoptions 2019/11/29 v3.13 Key value format for package options (HO)

(C:\Users\viere\AppData\Roaming\MiKTeX\2.9\tex/generic/kvsetkeys\kvsetkeys.sty
Package: kvsetkeys 2019/12/15 v1.18 Key value parser (HO)
))
\sphinxverbatimsep=\dimen169
\sphinxverbatimborder=\dimen170
\sphinxshadowsep=\dimen171
\sphinxshadowsize=\dimen172
\sphinxshadowrule=\dimen173
\spx@notice@border=\dimen174
\spx@image@maxheight=\dimen175
\spx@image@box=\dimen176
\c@literalblock=\count268
\sphinxcontinuationbox=\box60
\sphinxvisiblespacebox=\box61
\sphinxVerbatim@TitleBox=\box62
\py@argswidth=\skip77
\lineblockindentation=\skip78
\DUlineblockindent=\skip79
) (C:\Users\viere\AppData\Roaming\MiKTeX\2.9\tex/latex/geometry\geometry.sty
Package: geometry 2020/01/02 v5.9 Page Geometry

("C:\Program Files\MiKTeX 2.9\tex/generic/iftex\ifvtex.sty"
Package: ifvtex 2019/10/25 v1.7 ifvtex legacy package. Use iftex instead.

("C:\Program Files\MiKTeX 2.9\tex/generic/iftex\iftex.sty"
Package: iftex 2020/03/06 v1.0d TeX engine tests
))
\Gm@cnth=\count269
\Gm@cntv=\count270
\c@Gm@tempcnt=\count271
\Gm@bindingoffset=\dimen177
\Gm@wd@mp=\dimen178
\Gm@odd@mp=\dimen179
\Gm@even@mp=\dimen180
\Gm@layoutwidth=\dimen181
\Gm@layoutheight=\dimen182
\Gm@layouthoffset=\dimen183
\Gm@layoutvoffset=\dimen184
\Gm@dimlist=\toks29

(C:\Users\viere\AppData\Roaming\MiKTeX\2.9\tex/latex/geometry\geometry.cfg))
("C:\Program Files\MiKTeX 2.9\tex/latex/hyperref\hyperref.sty"
Package: hyperref 2020/01/14 v7.00d Hypertext links for LaTeX

("C:\Program Files\MiKTeX 2.9\tex/latex/pdftexcmds\pdftexcmds.sty"
Package: pdftexcmds 2019/11/24 v0.31 Utility functions of pdfTeX for LuaTeX (HO
)

(C:\Users\viere\AppData\Roaming\MiKTeX\2.9\tex/generic/infwarerr\infwarerr.sty
Package: infwarerr 2019/12/03 v1.5 Providing info/warning/error messages (HO)
)
Package pdftexcmds Info: \pdf@primitive is available.
Package pdftexcmds Info: \pdf@ifprimitive is available.
Package pdftexcmds Info: \pdfdraftmode found.
)
(C:\Users\viere\AppData\Roaming\MiKTeX\2.9\tex/generic/kvdefinekeys\kvdefinekey
s.sty
Package: kvdefinekeys 2019-12-19 v1.6 Define keys (HO)
)
(C:\Users\viere\AppData\Roaming\MiKTeX\2.9\tex/generic/pdfescape\pdfescape.sty
Package: pdfescape 2019/12/09 v1.15 Implements pdfTeX's escape features (HO)
) (C:\Users\viere\AppData\Roaming\MiKTeX\2.9\tex/latex/hycolor\hycolor.sty
Package: hycolor 2020-01-27 v1.10 Color options for hyperref/bookmark (HO)
)
(C:\Users\viere\AppData\Roaming\MiKTeX\2.9\tex/latex/letltxmacro\letltxmacro.st
y
Package: letltxmacro 2019/12/03 v1.6 Let assignment for LaTeX macros (HO)
) (C:\Users\viere\AppData\Roaming\MiKTeX\2.9\tex/latex/auxhook\auxhook.sty
Package: auxhook 2019-12-17 v1.6 Hooks for auxiliary files (HO)
)
\@linkdim=\dimen185
\Hy@linkcounter=\count272
\Hy@pagecounter=\count273

("C:\Program Files\MiKTeX 2.9\tex/latex/hyperref\pd1enc.def"
File: pd1enc.def 2020/01/14 v7.00d Hyperref: PDFDocEncoding definition (HO)
Now handling font encoding PD1 ...
... no UTF-8 mapping file for font encoding PD1
)
(C:\Users\viere\AppData\Roaming\MiKTeX\2.9\tex/generic/intcalc\intcalc.sty
Package: intcalc 2019/12/15 v1.3 Expandable calculations with integers (HO)
)
(C:\Users\viere\AppData\Roaming\MiKTeX\2.9\tex/generic/etexcmds\etexcmds.sty
Package: etexcmds 2019/12/15 v1.7 Avoid name clashes with e-TeX commands (HO)
)
\Hy@SavedSpaceFactor=\count274
Package hyperref Info: Option `unicode' set `true' on input line 4421.

("C:\Program Files\MiKTeX 2.9\tex/latex/hyperref\puenc.def"
File: puenc.def 2020/01/14 v7.00d Hyperref: PDF Unicode definition (HO)
Now handling font encoding PU ...
... no UTF-8 mapping file for font encoding PU
)
Package hyperref Info: Option `colorlinks' set `true' on input line 4421.
Package hyperref Info: Option `breaklinks' set `true' on input line 4421.
Package hyperref Info: Hyper figures OFF on input line 4547.
Package hyperref Info: Link nesting OFF on input line 4552.
Package hyperref Info: Hyper index ON on input line 4555.
Package hyperref Info: Plain pages OFF on input line 4562.
Package hyperref Info: Backreferencing OFF on input line 4567.
Package hyperref Info: Implicit mode ON; LaTeX internals redefined.
Package hyperref Info: Bookmarks ON on input line 4800.
\c@Hy@tempcnt=\count275

("C:\Program Files\MiKTeX 2.9\tex/latex/url\url.sty"
\Urlmuskip=\muskip17
Package: url 2013/09/16  ver 3.4  Verb mode for urls, etc.
)
LaTeX Info: Redefining \url on input line 5159.
\XeTeXLinkMargin=\dimen186

(C:\Users\viere\AppData\Roaming\MiKTeX\2.9\tex/generic/bitset\bitset.sty
Package: bitset 2019/12/09 v1.3 Handle bit-vector datatype (HO)

(C:\Users\viere\AppData\Roaming\MiKTeX\2.9\tex/generic/bigintcalc\bigintcalc.st
y
Package: bigintcalc 2019/12/15 v1.5 Expandable calculations on big integers (HO
)
))
\Fld@menulength=\count276
\Field@Width=\dimen187
\Fld@charsize=\dimen188
Package hyperref Info: Hyper figures OFF on input line 6430.
Package hyperref Info: Link nesting OFF on input line 6435.
Package hyperref Info: Hyper index ON on input line 6438.
Package hyperref Info: backreferencing OFF on input line 6445.
Package hyperref Info: Link coloring ON on input line 6448.
Package hyperref Info: Link coloring with OCG OFF on input line 6455.
Package hyperref Info: PDF/A mode OFF on input line 6460.
LaTeX Info: Redefining \ref on input line 6500.
LaTeX Info: Redefining \pageref on input line 6504.

(C:\Users\viere\AppData\Roaming\MiKTeX\2.9\tex/generic/atbegshi\atbegshi.sty
Package: atbegshi 2019/12/05 v1.19 At begin shipout hook (HO)
)
\Hy@abspage=\count277
\c@Item=\count278
\c@Hfootnote=\count279
)
Package hyperref Info: Driver (autodetected): hpdftex.

("C:\Program Files\MiKTeX 2.9\tex/latex/hyperref\hpdftex.def"
File: hpdftex.def 2020/01/14 v7.00d Hyperref driver for pdfTeX

(C:\Users\viere\AppData\Roaming\MiKTeX\2.9\tex/latex/atveryend\atveryend.sty
Package: atveryend 2019-12-11 v1.11 Hooks at the very end of document (HO)
Package atveryend Info: \enddocument detected (standard20110627).
)
\Fld@listcount=\count280
\c@bookmark@seq@number=\count281

(C:\Users\viere\AppData\Roaming\MiKTeX\2.9\tex/latex/rerunfilecheck\rerunfilech
eck.sty
Package: rerunfilecheck 2019/12/05 v1.9 Rerun checks for auxiliary files (HO)

(C:\Users\viere\AppData\Roaming\MiKTeX\2.9\tex/generic/uniquecounter\uniquecoun
ter.sty
Package: uniquecounter 2019/12/15 v1.4 Provide unlimited unique counter (HO)
)
Package uniquecounter Info: New unique counter `rerunfilecheck' on input line 2
86.
)
\Hy@SectionHShift=\skip80
) ("C:\Program Files\MiKTeX 2.9\tex/latex/oberdiek\hypcap.sty"
Package: hypcap 2016/05/16 v1.12 Adjusting the anchors of captions (HO)
)
(sphinxmessages.sty
Package: sphinxmessages 2019/01/04 v2.0 Localized LaTeX macros (Sphinx team)
)
\@indexfile=\write4
\openout4 = `uipath.idx'.


Writing index file uipath.idx
("C:\Program Files\MiKTeX 2.9\tex/latex/l3backend\l3backend-pdfmode.def"
File: l3backend-pdfmode.def 2020-03-12 L3 backend support: PDF mode
\l__kernel_color_stack_int=\count282
\l__pdf_internal_box=\box63
)
(uipath.aux)
\openout1 = `uipath.aux'.

LaTeX Font Info:    Checking defaults for OML/cmm/m/it on input line 82.
LaTeX Font Info:    ... okay on input line 82.
LaTeX Font Info:    Checking defaults for OMS/cmsy/m/n on input line 82.
LaTeX Font Info:    ... okay on input line 82.
LaTeX Font Info:    Checking defaults for OT1/cmr/m/n on input line 82.
LaTeX Font Info:    ... okay on input line 82.
LaTeX Font Info:    Checking defaults for T1/cmr/m/n on input line 82.
LaTeX Font Info:    ... okay on input line 82.
LaTeX Font Info:    Checking defaults for TS1/cmr/m/n on input line 82.
LaTeX Font Info:    ... okay on input line 82.
LaTeX Font Info:    Checking defaults for OMX/cmex/m/n on input line 82.
LaTeX Font Info:    ... okay on input line 82.
LaTeX Font Info:    Checking defaults for U/cmr/m/n on input line 82.
LaTeX Font Info:    ... okay on input line 82.
LaTeX Font Info:    Checking defaults for PD1/pdf/m/n on input line 82.
LaTeX Font Info:    ... okay on input line 82.
LaTeX Font Info:    Checking defaults for PU/pdf/m/n on input line 82.
LaTeX Font Info:    ... okay on input line 82.
LaTeX Font Info:    Trying to load font information for T1+ptm on input line 82
.

(C:\Users\viere\AppData\Roaming\MiKTeX\2.9\tex/latex/psnfss\t1ptm.fd
File: t1ptm.fd 2001/06/04 font definitions for T1/ptm.
)
("C:\Program Files\MiKTeX 2.9\tex/context/base/mkii\supp-pdf.mkii"
[Loading MPS to PDF converter (version 2006.09.02).]
\scratchcounter=\count283
\scratchdimen=\dimen189
\scratchbox=\box64
\nofMPsegments=\count284
\nofMParguments=\count285
\everyMPshowfont=\toks30
\MPscratchCnt=\count286
\MPscratchDim=\dimen190
\MPnumerator=\count287
\makeMPintoPDFobject=\count288
\everyMPtoPDFconversion=\toks31
) ("C:\Program Files\MiKTeX 2.9\tex/latex/epstopdf-pkg\epstopdf-base.sty"
Package: epstopdf-base 2020-01-24 v2.11 Base part for package epstopdf
Package epstopdf-base Info: Redefining graphics rule for `.eps' on input line 4
85.
)
*geometry* driver: auto-detecting
*geometry* detected driver: pdftex
*geometry* verbose mode - [ preamble ] result:
* driver: pdftex
* paper: letterpaper
* layout: <same size as paper>
* layoutoffset:(h,v)=(0.0pt,0.0pt)
* modes: twoside 
* h-part:(L,W,R)=(72.26999pt, 469.75502pt, 72.26999pt)
* v-part:(T,H,B)=(72.26999pt, 650.43001pt, 72.26999pt)
* \paperwidth=614.295pt
* \paperheight=794.96999pt
* \textwidth=469.75502pt
* \textheight=650.43001pt
* \oddsidemargin=0.0pt
* \evensidemargin=0.0pt
* \topmargin=-37.0pt
* \headheight=12.0pt
* \headsep=25.0pt
* \topskip=10.0pt
* \footskip=30.0pt
* \marginparwidth=36.135pt
* \marginparsep=11.0pt
* \columnsep=10.0pt
* \skip\footins=9.0pt plus 4.0pt minus 2.0pt
* \hoffset=0.0pt
* \voffset=0.0pt
* \mag=1000
* \@twocolumnfalse
* \@twosidetrue
* \@mparswitchtrue
* \@reversemarginfalse
* (1in=72.27pt=25.4mm, 1cm=28.453pt)

\AtBeginShipoutBox=\box65
Package hyperref Info: Link coloring ON on input line 82.
("C:\Program Files\MiKTeX 2.9\tex/latex/hyperref\nameref.sty"
Package: nameref 2019/09/16 v2.46 Cross-referencing by name of section

(C:\Users\viere\AppData\Roaming\MiKTeX\2.9\tex/latex/refcount\refcount.sty
Package: refcount 2019/12/15 v3.6 Data extraction from label references (HO)
)
(C:\Users\viere\AppData\Roaming\MiKTeX\2.9\tex/generic/gettitlestring\gettitles
tring.sty
Package: gettitlestring 2019/12/15 v1.6 Cleanup title references (HO)
)
\c@section@level=\count289
)
LaTeX Info: Redefining \ref on input line 82.
LaTeX Info: Redefining \pageref on input line 82.
LaTeX Info: Redefining \nameref on input line 82.
 (uipath.out) (uipath.out)
\@outlinefile=\write5
\openout5 = `uipath.out'.

Package hyperref Info: Option `pageanchor' set `false' on input line 90.
LaTeX Font Info:    Trying to load font information for T1+phv on input line 90
.

(C:\Users\viere\AppData\Roaming\MiKTeX\2.9\tex/latex/psnfss\t1phv.fd
File: t1phv.fd 2020/03/25 scalable font definitions for T1/phv.
)
LaTeX Font Info:    Font shape `T1/phv/b/it' in size <10> not available
(Font)              Font shape `T1/phv/b/sl' tried instead on input line 90.
LaTeX Font Info:    Font shape `T1/phv/b/it' in size <17.28> not available
(Font)              Font shape `T1/phv/b/sl' tried instead on input line 90.
<<ot1.cmap>><<oml.cmap>><<oms.cmap>><<omx.cmap>>
LaTeX Font Info:    Trying to load font information for U+msa on input line 90.


("C:\Program Files\MiKTeX 2.9\tex/latex/amsfonts\umsa.fd"
File: umsa.fd 2013/01/14 v3.01 AMS symbols A
)
LaTeX Font Info:    Trying to load font information for U+msb on input line 90.


("C:\Program Files\MiKTeX 2.9\tex/latex/amsfonts\umsb.fd"
File: umsb.fd 2013/01/14 v3.01 AMS symbols B
) [1

{C:/Users/viere/AppData/Local/MiKTeX/2.9/pdftex/config/pdftex.map}] [2


] (uipath.toc)
\tf@toc=\write6
\openout6 = `uipath.toc'.

 [1

] [2

]
Cap\'{\i }tulo 1.
[1

]
<ribbon_recording.png, id=60, 698.61pt x 54.9553pt>
LaTeX Font Info:    Trying to load font information for T1+pcr on input line 18
8.
 (C:\Users\viere\AppData\Roaming\MiKTeX\2.9\tex/latex/psnfss\t1pcr.fd
File: t1pcr.fd 2001/06/04 font definitions for T1/pcr.
)
File: ribbon_recording.png Graphic file (type png)
<use ribbon_recording.png>
Package pdftex.def Info: ribbon_recording.png  used on input line 188.
(pdftex.def)             Requested size: 469.7612pt x 36.95401pt.
LaTeX Font Info:    Trying to load font information for TS1+ptm on input line 1
92.

(C:\Users\viere\AppData\Roaming\MiKTeX\2.9\tex/latex/psnfss\ts1ptm.fd
File: ts1ptm.fd 2001/06/04 font definitions for TS1/ptm.
)
<ribbon_scraping.png, id=62, 698.61pt x 57.96657pt>
File: ribbon_scraping.png Graphic file (type png)
<use ribbon_scraping.png>
Package pdftex.def Info: ribbon_scraping.png  used on input line 210.
(pdftex.def)             Requested size: 469.7612pt x 38.97801pt.
 [2 <./ribbon_recording.png> <./ribbon_scraping.png>]
<ribbon_events.png, id=76, 697.8572pt x 56.46094pt>
File: ribbon_events.png Graphic file (type png)
<use ribbon_events.png>
Package pdftex.def Info: ribbon_events.png  used on input line 219.
(pdftex.def)             Requested size: 469.75546pt x 38.00781pt.
<ribbon_remove_variables.png, id=77, 697.8572pt x 54.9553pt>
File: ribbon_remove_variables.png Graphic file (type png)
<use ribbon_remove_variables.png>
Package pdftex.def Info: ribbon_remove_variables.png  used on input line 228.
(pdftex.def)             Requested size: 469.75546pt x 36.99342pt.
<ribbon_new.png, id=78, 698.61pt x 54.9553pt>
File: ribbon_new.png Graphic file (type png)
<use ribbon_new.png>
Package pdftex.def Info: ribbon_new.png  used on input line 237.
(pdftex.def)             Requested size: 469.7612pt x 36.95401pt.
<ribbon_new_sequence.png, id=79, 113.67468pt x 158.84344pt>
File: ribbon_new_sequence.png Graphic file (type png)
<use ribbon_new_sequence.png>
Package pdftex.def Info: ribbon_new_sequence.png  used on input line 247.
(pdftex.def)             Requested size: 113.6744pt x 158.84305pt.
<ribbon_new_flowchart.png, id=80, 113.67468pt x 158.09062pt>
File: ribbon_new_flowchart.png Graphic file (type png)
<use ribbon_new_flowchart.png>
Package pdftex.def Info: ribbon_new_flowchart.png  used on input line 256.
(pdftex.def)             Requested size: 113.6744pt x 158.09023pt.
<ribbon_new_state_machine.png, id=81, 115.18031pt x 158.84344pt>
File: ribbon_new_state_machine.png Graphic file (type png)
<use ribbon_new_state_machine.png>
Package pdftex.def Info: ribbon_new_state_machine.png  used on input line 268.
(pdftex.def)             Requested size: 115.18001pt x 158.84305pt.
 [3 <./ribbon_events.png> <./ribbon_remove_variables.png> <./ribbon_new.png> <.
/ribbon_new_sequence.png>]
<activity_cv.png, id=98, 313.17pt x 452.4403pt>
File: activity_cv.png Graphic file (type png)
<use activity_cv.png>
Package pdftex.def Info: activity_cv.png  used on input line 285.
(pdftex.def)             Requested size: 313.16922pt x 452.43921pt.
<activity_orchestrator.png, id=99, 313.9228pt x 450.18187pt>
File: activity_orchestrator.png Graphic file (type png)
<use activity_orchestrator.png>
Package pdftex.def Info: activity_orchestrator.png  used on input line 295.
(pdftex.def)             Requested size: 313.92203pt x 450.18077pt.
<activity_programming.png, id=100, 311.66437pt x 452.4403pt>
File: activity_programming.png Graphic file (type png)
<use activity_programming.png>
Package pdftex.def Info: activity_programming.png  used on input line 305.
(pdftex.def)             Requested size: 311.6636pt x 452.43921pt.
File: activity_cv.png Graphic file (type png)
<use activity_cv.png>
Package pdftex.def Info: activity_cv.png  used on input line 315.
(pdftex.def)             Requested size: 313.16922pt x 452.43921pt.
<activity_testing.png, id=101, 315.42844pt x 452.4403pt>
File: activity_testing.png Graphic file (type png)
<use activity_testing.png>
Package pdftex.def Info: activity_testing.png  used on input line 325.
(pdftex.def)             Requested size: 315.42766pt x 452.43921pt.
<activity_uiautomation.png, id=102, 313.9228pt x 453.94594pt>
File: activity_uiautomation.png Graphic file (type png)
<use activity_uiautomation.png>
Package pdftex.def Info: activity_uiautomation.png  used on input line 335.
(pdftex.def)             Requested size: 313.92203pt x 453.94482pt.
 [4 <./ribbon_new_flowchart.png> <./ribbon_new_state_machine.png>] [5 <./activi
ty_cv.png>] [6 <./activity_orchestrator.png>] [7 <./activity_programming.png>] 
[8]
[9 <./activity_testing.png>] [10 <./activity_uiautomation.png>]
<property_panel.png, id=154, 231.11343pt x 430.60875pt>
File: property_panel.png Graphic file (type png)
<use property_panel.png>
Package pdftex.def Info: property_panel.png  used on input line 389.
(pdftex.def)             Requested size: 231.11287pt x 430.60768pt.
<property_variables.png, id=155, 481.8pt x 81.30376pt>
File: property_variables.png Graphic file (type png)
<use property_variables.png>
Package pdftex.def Info: property_variables.png  used on input line 398.
(pdftex.def)             Requested size: 469.77148pt x 79.27641pt.
<property_arguments.png, id=156, 484.05844pt x 81.30376pt>
File: property_arguments.png Graphic file (type png)
<use property_arguments.png>
Package pdftex.def Info: property_arguments.png  used on input line 405.
(pdftex.def)             Requested size: 469.77986pt x 78.90671pt.
<property_imports.png, id=157, 481.8pt x 82.05656pt>
File: property_imports.png Graphic file (type png)
<use property_imports.png>
Package pdftex.def Info: property_imports.png  used on input line 412.
(pdftex.def)             Requested size: 469.77148pt x 80.00668pt.

Overfull \hbox (14.56065pt too wide) in paragraph at lines 408--414
[]
 []

[11] [12 <./property_panel.png> <./property_variables.png> <./property_argument
s.png>]
<ex1_new_sequence.png, id=180, 113.67468pt x 158.84344pt>
File: ex1_new_sequence.png Graphic file (type png)
<use ex1_new_sequence.png>
Package pdftex.def Info: ex1_new_sequence.png  used on input line 453.
(pdftex.def)             Requested size: 113.6744pt x 158.84305pt.
<ex1_name_sequence.png, id=181, 339.51843pt x 218.31563pt>
File: ex1_name_sequence.png Graphic file (type png)
<use ex1_name_sequence.png>
Package pdftex.def Info: ex1_name_sequence.png  used on input line 464.
(pdftex.def)             Requested size: 339.5176pt x 218.31508pt.
<ex1_drop_sequence.png, id=182, 152.06813pt x 63.23625pt>
File: ex1_drop_sequence.png Graphic file (type png)
<use ex1_drop_sequence.png>
Package pdftex.def Info: ex1_drop_sequence.png  used on input line 475.
(pdftex.def)             Requested size: 152.06775pt x 63.23608pt.
<ex1_add_input_dialog.png, id=183, 284.56313pt x 139.27031pt>
File: ex1_add_input_dialog.png Graphic file (type png)
<use ex1_add_input_dialog.png>
Package pdftex.def Info: ex1_add_input_dialog.png  used on input line 486.
(pdftex.def)             Requested size: 284.56242pt x 139.26996pt.
<ex1_fill_input_dialog.png, id=184, 281.55188pt x 137.7647pt>
File: ex1_fill_input_dialog.png Graphic file (type png)
<use ex1_fill_input_dialog.png>
Package pdftex.def Info: ex1_fill_input_dialog.png  used on input line 499.
(pdftex.def)             Requested size: 281.55118pt x 137.76434pt.
 [13 <./property_imports.png> <./ex1_new_sequence.png>] [14 <./ex1_name_sequenc
e.png> <./ex1_drop_sequence.png> <./ex1_add_input_dialog.png> <./ex1_fill_input
_dialog.png>]
<ex1_create_variable.png, id=204, 476.53032pt x 57.21375pt>
File: ex1_create_variable.png Graphic file (type png)
<use ex1_create_variable.png>
Package pdftex.def Info: ex1_create_variable.png  used on input line 510.
(pdftex.def)             Requested size: 469.78142pt x 56.40256pt.
<ex1_configure_output.png, id=205, 227.34938pt x 428.35031pt>
File: ex1_configure_output.png Graphic file (type png)
<use ex1_configure_output.png>
Package pdftex.def Info: ex1_configure_output.png  used on input line 521.
(pdftex.def)             Requested size: 227.34882pt x 428.34926pt.
<ex1_add_message_box.png, id=206, 282.30469pt x 95.6072pt>
File: ex1_add_message_box.png Graphic file (type png)
<use ex1_add_message_box.png>
Package pdftex.def Info: ex1_add_message_box.png  used on input line 532.
(pdftex.def)             Requested size: 282.30399pt x 95.60695pt.
<ex1_fill_message_box.png, id=207, 277.035pt x 97.86563pt>
File: ex1_fill_message_box.png Graphic file (type png)
<use ex1_fill_message_box.png>
Package pdftex.def Info: ex1_fill_message_box.png  used on input line 543.
(pdftex.def)             Requested size: 277.03432pt x 97.86537pt.
<ex1_ribbon_debug.png, id=208, 238.64156pt x 56.46094pt>
File: ex1_ribbon_debug.png Graphic file (type png)
<use ex1_ribbon_debug.png>
Package pdftex.def Info: ex1_ribbon_debug.png  used on input line 554.
(pdftex.def)             Requested size: 238.64096pt x 56.46078pt.
<ex1_insert_input.png, id=209, 253.69781pt x 133.24782pt>
File: ex1_insert_input.png Graphic file (type png)
<use ex1_insert_input.png>
Package pdftex.def Info: ex1_insert_input.png  used on input line 566.
(pdftex.def)             Requested size: 253.69719pt x 133.24748pt.
<ex1_final_dialog.png, id=210, 90.3375pt x 101.62968pt>
File: ex1_final_dialog.png Graphic file (type png)
<use ex1_final_dialog.png>
Package pdftex.def Info: ex1_final_dialog.png  used on input line 579.
(pdftex.def)             Requested size: 90.33727pt x 101.62943pt.
File: ex1_new_sequence.png Graphic file (type png)
<use ex1_new_sequence.png>
Package pdftex.def Info: ex1_new_sequence.png  used on input line 602.
(pdftex.def)             Requested size: 113.6744pt x 158.84305pt.
 [15 <./ex1_create_variable.png>] [16 <./ex1_configure_output.png> <./ex1_add_m
essage_box.png> <./ex1_fill_message_box.png>]
File: ex1_name_sequence.png Graphic file (type png)
<use ex1_name_sequence.png>
Package pdftex.def Info: ex1_name_sequence.png  used on input line 613.
(pdftex.def)             Requested size: 339.5176pt x 218.31508pt.
File: ex1_drop_sequence.png Graphic file (type png)
<use ex1_drop_sequence.png>
Package pdftex.def Info: ex1_drop_sequence.png  used on input line 624.
(pdftex.def)             Requested size: 152.06775pt x 63.23608pt.
<ex2_add_open_browser.png, id=233, 359.09157pt x 205.5178pt>
File: ex2_add_open_browser.png Graphic file (type png)
<use ex2_add_open_browser.png>
Package pdftex.def Info: ex2_add_open_browser.png  used on input line 635.
(pdftex.def)             Requested size: 359.09068pt x 205.5173pt.
<ex2_choose_browser.png, id=234, 228.10219pt x 425.33907pt>
File: ex2_choose_browser.png Graphic file (type png)
<use ex2_choose_browser.png>
Package pdftex.def Info: ex2_choose_browser.png  used on input line 646.
(pdftex.def)             Requested size: 228.10161pt x 425.33801pt.
<ex2_insert_url.png, id=236, 328.22626pt x 137.7647pt>
File: ex2_insert_url.png Graphic file (type png)
<use ex2_insert_url.png>
Package pdftex.def Info: ex2_insert_url.png  used on input line 657.
(pdftex.def)             Requested size: 328.22545pt x 137.76434pt.
 [17 <./ex1_ribbon_debug.png> <./ex1_insert_input.png> <./ex1_final_dialog.png>
] [18]
[19 <./ex2_add_open_browser.png> <./ex2_choose_browser.png>]
<ex2_insert_dialog.png, id=259, 361.35pt x 308.65312pt>
File: ex2_insert_dialog.png Graphic file (type png)
<use ex2_insert_dialog.png>
Package pdftex.def Info: ex2_insert_dialog.png  used on input line 668.
(pdftex.def)             Requested size: 361.34912pt x 308.65236pt.
<ex2_add_cycles_variable.png, id=260, 480.29437pt x 162.6075pt>
File: ex2_add_cycles_variable.png Graphic file (type png)
<use ex2_add_cycles_variable.png>
Package pdftex.def Info: ex2_add_cycles_variable.png  used on input line 679.
(pdftex.def)             Requested size: 469.76184pt x 159.05156pt.
 [20 <./ex2_insert_url.png> <./ex2_insert_dialog.png>]
<ex2_configure_input_dialog.png, id=270, 228.10219pt x 426.09187pt>
File: ex2_configure_input_dialog.png Graphic file (type png)
<use ex2_configure_input_dialog.png>
Package pdftex.def Info: ex2_configure_input_dialog.png  used on input line 690
.
(pdftex.def)             Requested size: 228.10161pt x 426.09082pt.
<ex2_add_do_while_loop.png, id=271, 277.035pt x 280.79906pt>
File: ex2_add_do_while_loop.png Graphic file (type png)
<use ex2_add_do_while_loop.png>
Package pdftex.def Info: ex2_add_do_while_loop.png  used on input line 701.
(pdftex.def)             Requested size: 277.03432pt x 280.79837pt.
<ex2_add_stop_condition.png, id=272, 227.34938pt x 182.93344pt>
File: ex2_add_stop_condition.png Graphic file (type png)
<use ex2_add_stop_condition.png>
Package pdftex.def Info: ex2_add_stop_condition.png  used on input line 713.
(pdftex.def)             Requested size: 227.34882pt x 182.93298pt.
<ex2_add_assign.png, id=273, 275.52937pt x 256.70906pt>
File: ex2_add_assign.png Graphic file (type png)
<use ex2_add_assign.png>
Package pdftex.def Info: ex2_add_assign.png  used on input line 726.
(pdftex.def)             Requested size: 275.52869pt x 256.70842pt.
<ex2_add_get_full_text.png, id=274, 315.42844pt x 252.945pt>
File: ex2_add_get_full_text.png Graphic file (type png)
<use ex2_add_get_full_text.png>
Package pdftex.def Info: ex2_add_get_full_text.png  used on input line 738.
(pdftex.def)             Requested size: 315.42766pt x 252.94438pt.
<ex2_insert_name.png, id=275, 654.94687pt x 525.46312pt>
File: ex2_insert_name.png Graphic file (type png)
<use ex2_insert_name.png>
Package pdftex.def Info: ex2_insert_name.png  used on input line 749.
(pdftex.def)             Requested size: 469.75253pt x 376.89795pt.
 [21 <./ex2_add_cycles_variable.png>]
[22 <./ex2_configure_input_dialog.png>] [23 <./ex2_add_do_while_loop.png> <./ex
2_add_stop_condition.png>] [24 <./ex2_add_assign.png> <./ex2_add_get_full_text.
png>] [25 <./ex2_insert_name.png>]
<ex2_add_variable_name.png, id=310, 229.60782pt x 358.33875pt>
File: ex2_add_variable_name.png Graphic file (type png)
<use ex2_add_variable_name.png>
Package pdftex.def Info: ex2_add_variable_name.png  used on input line 760.
(pdftex.def)             Requested size: 229.60725pt x 358.33788pt.
<ex2_add_data_table.png, id=311, 365.11406pt x 197.23688pt>
File: ex2_add_data_table.png Graphic file (type png)
<use ex2_add_data_table.png>
Package pdftex.def Info: ex2_add_data_table.png  used on input line 776.
(pdftex.def)             Requested size: 365.11316pt x 197.23637pt.
<ex2_insert_data_table_fields.png, id=312, 368.1253pt x 257.46187pt>
File: ex2_insert_data_table_fields.png Graphic file (type png)
<use ex2_insert_data_table_fields.png>
Package pdftex.def Info: ex2_insert_data_table_fields.png  used on input line 7
87.
(pdftex.def)             Requested size: 368.1244pt x 257.46123pt.
<ex2_add_data_table_variable.png, id=313, 558.58687pt x 141.52875pt>
File: ex2_add_data_table_variable.png Graphic file (type png)
<use ex2_add_data_table_variable.png>
Package pdftex.def Info: ex2_add_data_table_variable.png  used on input line 79
8.
(pdftex.def)             Requested size: 469.77231pt x 119.0237pt.
 [26 <./ex2_add_variable_name.png>] [27 <./ex2_add_data_table.png> <./ex2_inser
t_data_table_fields.png>]
<ex2_change_var_type.png, id=330, 338.01282pt x 119.69719pt>
File: ex2_change_var_type.png Graphic file (type png)
<use ex2_change_var_type.png>
Package pdftex.def Info: ex2_change_var_type.png  used on input line 809.
(pdftex.def)             Requested size: 338.01198pt x 119.69688pt.
<ex2_change_var_type_2.png, id=331, 248.42813pt x 200.24812pt>
File: ex2_change_var_type_2.png Graphic file (type png)
<use ex2_change_var_type_2.png>
Package pdftex.def Info: ex2_change_var_type_2.png  used on input line 815.
(pdftex.def)             Requested size: 248.42752pt x 200.24763pt.
<ex2_add_data_row.png, id=332, 287.57437pt x 128.73094pt>
File: ex2_add_data_row.png Graphic file (type png)
<use ex2_add_data_row.png>
Package pdftex.def Info: ex2_add_data_row.png  used on input line 826.
(pdftex.def)             Requested size: 287.57367pt x 128.7306pt.
 [28 <./ex2_add_data_table_variable.png> <./ex2_change_var_type.png> <./ex2_cha
nge_var_type_2.png>]
<ex2_assign_data_row.png, id=343, 226.59656pt x 425.33907pt>
File: ex2_assign_data_row.png Graphic file (type png)
<use ex2_assign_data_row.png>
Package pdftex.def Info: ex2_assign_data_row.png  used on input line 837.
(pdftex.def)             Requested size: 226.596pt x 425.33801pt.
<ex2_click_generator.png, id=344, 311.66437pt x 161.85469pt>
File: ex2_click_generator.png Graphic file (type png)
<use ex2_click_generator.png>
Package pdftex.def Info: ex2_click_generator.png  used on input line 848.
(pdftex.def)             Requested size: 311.6636pt x 161.85428pt.
[29 <./ex2_add_data_row.png>] [30 <./ex2_assign_data_row.png> <./ex2_click_gene
rator.png>]
Cap\'{\i }tulo 2.
(uipath.ind)
Package atveryend Info: Empty hook `BeforeClearDocument' on input line 880.
 [31

]
Package atveryend Info: Empty hook `AfterLastShipout' on input line 880.
 (uipath.aux)
Package atveryend Info: Executing hook `AtVeryEndDocument' on input line 880.
Package atveryend Info: Executing hook `AtEndAfterFileList' on input line 880.
Package rerunfilecheck Info: File `uipath.out' has not changed.
(rerunfilecheck)             Checksum: 7C15454C2B801458B48022C798D00DD2;646.
Package atveryend Info: Empty hook `AtVeryVeryEnd' on input line 880.
 ) 
Here is how much of TeX's memory you used:
 13924 strings out of 480930
 203296 string characters out of 2909547
 472821 words of memory out of 3000000
 29303 multiletter control sequences out of 15000+200000
 576482 words of font info for 73 fonts, out of 3000000 for 9000
 1142 hyphenation exceptions out of 8191
 38i,12n,49p,500b,477s stack positions out of 5000i,500n,10000p,200000b,50000s
{C:/Program Files/MiKTeX 2.9/fonts/enc/dvips/base/8r.enc}<C:/Users/viere/AppD
ata/Roaming/MiKTeX/2.9/fonts/type1/urw/helvetic/uhvb8a.pfb><C:/Users/viere/AppD
ata/Roaming/MiKTeX/2.9/fonts/type1/urw/helvetic/uhvr8a.pfb><C:/Users/viere/AppD
ata/Roaming/MiKTeX/2.9/fonts/type1/urw/times/utmb8a.pfb><C:/Users/viere/AppData
/Roaming/MiKTeX/2.9/fonts/type1/urw/times/utmr8a.pfb><C:/Users/viere/AppData/Ro
aming/MiKTeX/2.9/fonts/type1/urw/times/utmri8a.pfb>
Output written on uipath.pdf (35 pages, 528656 bytes).
PDF statistics:
 408 PDF objects out of 1000 (max. 8388607)
 118 named destinations out of 1000 (max. 500000)
 306 words of extra memory for PDF output out of 10000 (max. 10000000)

